#
# There is insufficient memory for the Java Runtime Environment to continue.
# Native memory allocation (malloc) failed to allocate 2342272 bytes for Chunk::new
# Possible reasons:
#   The system is out of physical RAM or swap space
#   The process is running with CompressedOops enabled, and the Java Heap may be blocking the growth of the native heap
# Possible solutions:
#   Reduce memory load on the system
#   Increase physical memory or swap space
#   Check if swap backing store is full
#   Decrease Java heap size (-Xmx/-Xms)
#   Decrease number of Java threads
#   Decrease Java thread stack sizes (-Xss)
#   Set larger code cache with -XX:ReservedCodeCacheSize=
#   JVM is running with Unscaled Compressed Oops mode in which the Java heap is
#     placed in the first 4GB address space. The Java Heap base address is the
#     maximum limit for the native heap growth. Please use -XX:HeapBaseMinAddress
#     to set the Java Heap base and to place the Java Heap above 4GB virtual address.
# This output file may be truncated or incomplete.
#
#  Out of Memory Error (allocation.cpp:389), pid=28088, tid=0x0000000000001880
#
# JRE version: Java(TM) SE Runtime Environment (8.0_321-b07) (build 1.8.0_321-b07)
# Java VM: Java HotSpot(TM) 64-Bit Server VM (25.321-b07 mixed mode windows-amd64 compressed oops)
# Failed to write core dump. Minidumps are not enabled by default on client versions of Windows
#

---------------  T H R E A D  ---------------

Current thread (0x0000022fe1f19800):  JavaThread "C2 CompilerThread1" daemon [_thread_in_native, id=6272, stack(0x0000008700900000,0x0000008700a00000)]

Stack: [0x0000008700900000,0x0000008700a00000]
Native frames: (J=compiled Java code, j=interpreted, Vv=VM code, C=native code)
V  [jvm.dll+0x32fc49]
V  [jvm.dll+0x2761a2]
V  [jvm.dll+0x276e4d]
V  [jvm.dll+0x26d7f5]
V  [jvm.dll+0xd5a0c]
V  [jvm.dll+0xd620c]
V  [jvm.dll+0x4716f5]
V  [jvm.dll+0x438f18]
V  [jvm.dll+0x441d65]
V  [jvm.dll+0x441125]
V  [jvm.dll+0x42becb]
V  [jvm.dll+0xac68b]
V  [jvm.dll+0xaaceb]
V  [jvm.dll+0x23e6f2]
V  [jvm.dll+0x292edc]
C  [ucrtbase.dll+0x26c0c]
C  [KERNEL32.DLL+0x155a0]
C  [ntdll.dll+0x485b]


Current CompileTask:
C2:   9803 1602       4       java.net.URLClassLoader$1::run (5 bytes)


---------------  P R O C E S S  ---------------

Java Threads: ( => current thread )
  0x0000022fe1fd0800 JavaThread "Service Thread" daemon [_thread_blocked, id=13340, stack(0x0000008700c00000,0x0000008700d00000)]
  0x0000022fe1f2e800 JavaThread "C1 CompilerThread3" daemon [_thread_blocked, id=28664, stack(0x0000008700b00000,0x0000008700c00000)]
  0x0000022fe1f1b000 JavaThread "C2 CompilerThread2" daemon [_thread_blocked, id=27060, stack(0x0000008700a00000,0x0000008700b00000)]
=>0x0000022fe1f19800 JavaThread "C2 CompilerThread1" daemon [_thread_in_native, id=6272, stack(0x0000008700900000,0x0000008700a00000)]
  0x0000022fe1f16000 JavaThread "C2 CompilerThread0" daemon [_thread_blocked, id=9880, stack(0x0000008700800000,0x0000008700900000)]
  0x0000022fe1f14000 JavaThread "Monitor Ctrl-Break" daemon [_thread_in_native, id=18732, stack(0x0000008700700000,0x0000008700800000)]
  0x0000022fe0c47800 JavaThread "Attach Listener" daemon [_thread_blocked, id=5672, stack(0x0000008700600000,0x0000008700700000)]
  0x0000022fe0c5d000 JavaThread "Signal Dispatcher" daemon [_thread_blocked, id=5136, stack(0x0000008700500000,0x0000008700600000)]
  0x0000022fe0bd8000 JavaThread "Finalizer" daemon [_thread_blocked, id=26992, stack(0x0000008700400000,0x0000008700500000)]
  0x0000022fe0bcd800 JavaThread "Reference Handler" daemon [_thread_blocked, id=14736, stack(0x0000008700300000,0x0000008700400000)]
  0x0000022fc9ffa800 JavaThread "main" [_thread_in_native, id=23380, stack(0x000000877f900000,0x000000877fa00000)]

Other Threads:
  0x0000022fe0ba6000 VMThread [stack: 0x0000008700200000,0x0000008700300000] [id=14732]
  0x0000022fe2011000 WatcherThread [stack: 0x0000008700d00000,0x0000008700e00000] [id=21868]

VM state:not at safepoint (normal execution)

VM Mutex/Monitor currently owned by a thread: None

heap address: 0x0000000082600000, size: 2010 MB, Compressed Oops mode: 32-bit
Narrow klass base: 0x0000000000000000, Narrow klass shift: 3
Compressed class space size: 1073741824 Address: 0x0000000100000000

Heap:
 PSYoungGen      total 37888K, used 9741K [0x00000000d6200000, 0x00000000d8c00000, 0x0000000100000000)
  eden space 32768K, 14% used [0x00000000d6200000,0x00000000d66893b8,0x00000000d8200000)
  from space 5120K, 99% used [0x00000000d8200000,0x00000000d86fa060,0x00000000d8700000)
  to   space 5120K, 0% used [0x00000000d8700000,0x00000000d8700000,0x00000000d8c00000)
 ParOldGen       total 86016K, used 5212K [0x0000000082600000, 0x0000000087a00000, 0x00000000d6200000)
  object space 86016K, 6% used [0x0000000082600000,0x0000000082b17398,0x0000000087a00000)
 Metaspace       used 15637K, capacity 15990K, committed 16128K, reserved 1062912K
  class space    used 1889K, capacity 2008K, committed 2048K, reserved 1048576K

Card table byte_map: [0x0000022fdad90000,0x0000022fdb180000] byte_map_base: 0x0000022fda97d000

Marking Bits: (ParMarkBitMap*) 0x0000000066939030
 Begin Bits: [0x0000022fdb420000, 0x0000022fdd388000)
 End Bits:   [0x0000022fdd388000, 0x0000022fdf2f0000)

Polling page: 0x0000022fca170000

CodeCache: size=245760Kb used=6704Kb max_used=6704Kb free=239055Kb
 bounds [0x0000022fcb9d0000, 0x0000022fcc070000, 0x0000022fda9d0000]
 total_blobs=2279 nmethods=1914 adapters=277
 compilation: enabled

Compilation events (10 events):
Event: 9.678 Thread 0x0000022fe1f2e800 1917       3       org.codehaus.plexus.interpolation.reflection.ClassMap::getPublicMethod (29 bytes)
Event: 9.678 Thread 0x0000022fe1f2e800 nmethod 1917 0x0000022fcc05d550 code [0x0000022fcc05d700, 0x0000022fcc05dd50]
Event: 9.678 Thread 0x0000022fe1f2e800 1919       3       org.codehaus.plexus.interpolation.reflection.ClassMap::makeMethodKey (239 bytes)
Event: 9.680 Thread 0x0000022fe1f2e800 nmethod 1919 0x0000022fcc05df10 code [0x0000022fcc05e2a0, 0x0000022fcc060720]
Event: 9.680 Thread 0x0000022fe1f2e800 1920       3       org.apache.maven.model.interpolation.StringVisitorModelInterpolator$ModelVisitor::visit (55 bytes)
Event: 9.681 Thread 0x0000022fe1f2e800 nmethod 1920 0x0000022fcc05c950 code [0x0000022fcc05cb20, 0x0000022fcc05d270]
Event: 9.681 Thread 0x0000022fe1f2e800 1918       3       org.codehaus.plexus.interpolation.reflection.MethodMap::add (44 bytes)
Event: 9.682 Thread 0x0000022fe1f2e800 nmethod 1918 0x0000022fcc05bc10 code [0x0000022fcc05bde0, 0x0000022fcc05c5f0]
Event: 9.682 Thread 0x0000022fe1f2e800 1921       3       sun.reflect.Reflection::quickCheckMemberAccess (10 bytes)
Event: 9.682 Thread 0x0000022fe1f2e800 nmethod 1921 0x0000022fcc05b790 code [0x0000022fcc05b900, 0x0000022fcc05bb30]

GC Heap History (6 events):
Event: 7.673 GC heap before
{Heap before GC invocations=1 (full 0):
 PSYoungGen      total 37888K, used 32768K [0x00000000d6200000, 0x00000000d8c00000, 0x0000000100000000)
  eden space 32768K, 100% used [0x00000000d6200000,0x00000000d8200000,0x00000000d8200000)
  from space 5120K, 0% used [0x00000000d8700000,0x00000000d8700000,0x00000000d8c00000)
  to   space 5120K, 0% used [0x00000000d8200000,0x00000000d8200000,0x00000000d8700000)
 ParOldGen       total 86016K, used 0K [0x0000000082600000, 0x0000000087a00000, 0x00000000d6200000)
  object space 86016K, 0% used [0x0000000082600000,0x0000000082600000,0x0000000087a00000)
 Metaspace       used 8898K, capacity 9020K, committed 9088K, reserved 1056768K
  class space    used 1060K, capacity 1112K, committed 1152K, reserved 1048576K
Event: 7.679 GC heap after
Heap after GC invocations=1 (full 0):
 PSYoungGen      total 37888K, used 5097K [0x00000000d6200000, 0x00000000d8c00000, 0x0000000100000000)
  eden space 32768K, 0% used [0x00000000d6200000,0x00000000d6200000,0x00000000d8200000)
  from space 5120K, 99% used [0x00000000d8200000,0x00000000d86fa6b0,0x00000000d8700000)
  to   space 5120K, 0% used [0x00000000d8700000,0x00000000d8700000,0x00000000d8c00000)
 ParOldGen       total 86016K, used 432K [0x0000000082600000, 0x0000000087a00000, 0x00000000d6200000)
  object space 86016K, 0% used [0x0000000082600000,0x000000008266c170,0x0000000087a00000)
 Metaspace       used 8898K, capacity 9020K, committed 9088K, reserved 1056768K
  class space    used 1060K, capacity 1112K, committed 1152K, reserved 1048576K
}
Event: 8.186 GC heap before
{Heap before GC invocations=2 (full 0):
 PSYoungGen      total 37888K, used 37865K [0x00000000d6200000, 0x00000000d8c00000, 0x0000000100000000)
  eden space 32768K, 100% used [0x00000000d6200000,0x00000000d8200000,0x00000000d8200000)
  from space 5120K, 99% used [0x00000000d8200000,0x00000000d86fa6b0,0x00000000d8700000)
  to   space 5120K, 0% used [0x00000000d8700000,0x00000000d8700000,0x00000000d8c00000)
 ParOldGen       total 86016K, used 432K [0x0000000082600000, 0x0000000087a00000, 0x00000000d6200000)
  object space 86016K, 0% used [0x0000000082600000,0x000000008266c170,0x0000000087a00000)
 Metaspace       used 11748K, capacity 11950K, committed 12032K, reserved 1060864K
  class space    used 1429K, capacity 1510K, committed 1536K, reserved 1048576K
Event: 8.193 GC heap after
Heap after GC invocations=2 (full 0):
 PSYoungGen      total 37888K, used 5106K [0x00000000d6200000, 0x00000000d8c00000, 0x0000000100000000)
  eden space 32768K, 0% used [0x00000000d6200000,0x00000000d6200000,0x00000000d8200000)
  from space 5120K, 99% used [0x00000000d8700000,0x00000000d8bfcab0,0x00000000d8c00000)
  to   space 5120K, 0% used [0x00000000d8200000,0x00000000d8200000,0x00000000d8700000)
 ParOldGen       total 86016K, used 2290K [0x0000000082600000, 0x0000000087a00000, 0x00000000d6200000)
  object space 86016K, 2% used [0x0000000082600000,0x000000008283cb88,0x0000000087a00000)
 Metaspace       used 11748K, capacity 11950K, committed 12032K, reserved 1060864K
  class space    used 1429K, capacity 1510K, committed 1536K, reserved 1048576K
}
Event: 9.069 GC heap before
{Heap before GC invocations=3 (full 0):
 PSYoungGen      total 37888K, used 37874K [0x00000000d6200000, 0x00000000d8c00000, 0x0000000100000000)
  eden space 32768K, 100% used [0x00000000d6200000,0x00000000d8200000,0x00000000d8200000)
  from space 5120K, 99% used [0x00000000d8700000,0x00000000d8bfcab0,0x00000000d8c00000)
  to   space 5120K, 0% used [0x00000000d8200000,0x00000000d8200000,0x00000000d8700000)
 ParOldGen       total 86016K, used 2290K [0x0000000082600000, 0x0000000087a00000, 0x00000000d6200000)
  object space 86016K, 2% used [0x0000000082600000,0x000000008283cb88,0x0000000087a00000)
 Metaspace       used 15532K, capacity 15818K, committed 16128K, reserved 1062912K
  class space    used 1886K, capacity 1974K, committed 2048K, reserved 1048576K
Event: 9.078 GC heap after
Heap after GC invocations=3 (full 0):
 PSYoungGen      total 37888K, used 5096K [0x00000000d6200000, 0x00000000d8c00000, 0x0000000100000000)
  eden space 32768K, 0% used [0x00000000d6200000,0x00000000d6200000,0x00000000d8200000)
  from space 5120K, 99% used [0x00000000d8200000,0x00000000d86fa060,0x00000000d8700000)
  to   space 5120K, 0% used [0x00000000d8700000,0x00000000d8700000,0x00000000d8c00000)
 ParOldGen       total 86016K, used 5212K [0x0000000082600000, 0x0000000087a00000, 0x00000000d6200000)
  object space 86016K, 6% used [0x0000000082600000,0x0000000082b17398,0x0000000087a00000)
 Metaspace       used 15532K, capacity 15818K, committed 16128K, reserved 1062912K
  class space    used 1886K, capacity 1974K, committed 2048K, reserved 1048576K
}

Deoptimization events (10 events):
Event: 9.116 Thread 0x0000022fc9ffa800 Uncommon trap: reason=class_check action=maybe_recompile pc=0x0000022fcbf69b48 method=java.util.regex.Pattern$7.isSatisfiedBy(I)Z @ 16
Event: 9.116 Thread 0x0000022fc9ffa800 Uncommon trap: reason=class_check action=maybe_recompile pc=0x0000022fcbf69b48 method=java.util.regex.Pattern$7.isSatisfiedBy(I)Z @ 16
Event: 9.116 Thread 0x0000022fc9ffa800 Uncommon trap: reason=class_check action=maybe_recompile pc=0x0000022fcbf69b48 method=java.util.regex.Pattern$7.isSatisfiedBy(I)Z @ 16
Event: 9.143 Thread 0x0000022fc9ffa800 Uncommon trap: reason=unstable_if action=reinterpret pc=0x0000022fcbfa2be4 method=org.codehaus.plexus.util.xml.pull.MXParser.nextImpl()I @ 1161
Event: 9.144 Thread 0x0000022fc9ffa800 Uncommon trap: reason=unstable_if action=reinterpret pc=0x0000022fcbc996c4 method=sun.nio.cs.UTF_8$Decoder.decodeArrayLoop(Ljava/nio/ByteBuffer;Ljava/nio/CharBuffer;)Ljava/nio/charset/CoderResult; @ 84
Event: 9.184 Thread 0x0000022fc9ffa800 Uncommon trap: reason=null_check action=make_not_entrant pc=0x0000022fcc009360 method=org.apache.maven.model.io.xpp3.MavenXpp3ReaderEx.checkFieldWithDuplicate(Lorg/codehaus/plexus/util/xml/pull/XmlPullParser;Ljava/lang/String;Ljava/lang/String;Ljava/util/
Event: 9.335 Thread 0x0000022fc9ffa800 Uncommon trap: reason=unstable_if action=reinterpret pc=0x0000022fcbfee9b8 method=java.lang.String.trim()Ljava/lang/String; @ 63
Event: 9.356 Thread 0x0000022fc9ffa800 Uncommon trap: reason=unstable_if action=reinterpret pc=0x0000022fcbd4b858 method=java.lang.String.regionMatches(ZILjava/lang/String;II)Z @ 25
Event: 9.562 Thread 0x0000022fc9ffa800 Uncommon trap: reason=unstable_if action=reinterpret pc=0x0000022fcc006730 method=org.codehaus.plexus.util.xml.pull.MXParser.nextImpl()I @ 879
Event: 9.650 Thread 0x0000022fc9ffa800 Uncommon trap: reason=unstable_if action=reinterpret pc=0x0000022fcbae3d4c method=org.codehaus.plexus.util.xml.pull.MXParser.isS(C)Z @ 21

Classes redefined (0 events):
No events

Internal exceptions (10 events):
Event: 1.138 Thread 0x0000022fe0c47800 Exception <a 'java/security/PrivilegedActionException'> (0x00000000d65b3fe0) thrown at [C:\jenkins\workspace\8-2-build-windows-amd64-cygwin\jdk8u321\2141\hotspot\src\share\vm\prims\jvm.cpp, line 1523]
Event: 1.138 Thread 0x0000022fe0c47800 Exception <a 'java/security/PrivilegedActionException'> (0x00000000d65b43d8) thrown at [C:\jenkins\workspace\8-2-build-windows-amd64-cygwin\jdk8u321\2141\hotspot\src\share\vm\prims\jvm.cpp, line 1523]
Event: 8.538 Thread 0x0000022fc9ffa800 Exception <a 'java/lang/NoClassDefFoundError': com/google/inject/servlet/ServletModuleTargetVisitor> (0x00000000d72c0750) thrown at [C:\jenkins\workspace\8-2-build-windows-amd64-cygwin\jdk8u321\2141\hotspot\src\share\vm\classfile\systemDictionary.cpp, lin
Event: 8.539 Thread 0x0000022fc9ffa800 Exception <a 'java/lang/NoClassDefFoundError'> (0x00000000d72c0750) thrown at [C:\jenkins\workspace\8-2-build-windows-amd64-cygwin\jdk8u321\2141\hotspot\src\share\vm\prims\jvm.cpp, line 1527]
Event: 8.539 Thread 0x0000022fc9ffa800 Exception <a 'java/lang/NoClassDefFoundError': javax/annotation/Priority> (0x00000000d72c55b0) thrown at [C:\jenkins\workspace\8-2-build-windows-amd64-cygwin\jdk8u321\2141\hotspot\src\share\vm\classfile\systemDictionary.cpp, line 201]
Event: 8.670 Thread 0x0000022fc9ffa800 Implicit null exception at 0x0000022fcbc1059b to 0x0000022fcbc10755
Event: 8.813 Thread 0x0000022fc9ffa800 Implicit null exception at 0x0000022fcbf5d893 to 0x0000022fcbf60049
Event: 8.860 Thread 0x0000022fc9ffa800 Implicit null exception at 0x0000022fcbc6cd96 to 0x0000022fcbc6d13d
Event: 8.860 Thread 0x0000022fc9ffa800 Implicit null exception at 0x0000022fcbbf7c96 to 0x0000022fcbbf8035
Event: 9.184 Thread 0x0000022fc9ffa800 Implicit null exception at 0x0000022fcc008055 to 0x0000022fcc009349

Events (10 events):
Event: 9.439 Thread 0x0000022fc9ffa800 DEOPT PACKING pc=0x0000022fcbfffe5b sp=0x000000877f9fd750
Event: 9.439 Thread 0x0000022fc9ffa800 DEOPT UNPACKING pc=0x0000022fcba17918 sp=0x000000877f9fd550 mode 0
Event: 9.440 Thread 0x0000022fc9ffa800 DEOPT PACKING pc=0x0000022fcbfffe5b sp=0x000000877f9fd520
Event: 9.440 Thread 0x0000022fc9ffa800 DEOPT UNPACKING pc=0x0000022fcba17918 sp=0x000000877f9fd320 mode 0
Event: 9.562 Thread 0x0000022fc9ffa800 Uncommon trap: trap_request=0xffffff65 fr.pc=0x0000022fcc006730
Event: 9.562 Thread 0x0000022fc9ffa800 DEOPT PACKING pc=0x0000022fcc006730 sp=0x000000877f9fd730
Event: 9.562 Thread 0x0000022fc9ffa800 DEOPT UNPACKING pc=0x0000022fcba158c3 sp=0x000000877f9fd698 mode 2
Event: 9.650 Thread 0x0000022fc9ffa800 Uncommon trap: trap_request=0xffffff65 fr.pc=0x0000022fcbae3d4c
Event: 9.650 Thread 0x0000022fc9ffa800 DEOPT PACKING pc=0x0000022fcbae3d4c sp=0x000000877f9fd980
Event: 9.650 Thread 0x0000022fc9ffa800 DEOPT UNPACKING pc=0x0000022fcba158c3 sp=0x000000877f9fd870 mode 2


Dynamic libraries:
0x00007ff7b44c0000 - 0x00007ff7b4507000 	D:\Java\jdk1.8.0_321\bin\java.exe
0x00007ffbce460000 - 0x00007ffbce669000 	C:\Windows\SYSTEM32\ntdll.dll
0x00007ffbcd100000 - 0x00007ffbcd1be000 	C:\Windows\System32\KERNEL32.DLL
0x00007ffbcbe40000 - 0x00007ffbcc1bb000 	C:\Windows\System32\KERNELBASE.dll
0x00007ffbccb50000 - 0x00007ffbccbfe000 	C:\Windows\System32\ADVAPI32.dll
0x00007ffbce1c0000 - 0x00007ffbce263000 	C:\Windows\System32\msvcrt.dll
0x00007ffbcc3f0000 - 0x00007ffbcc48e000 	C:\Windows\System32\sechost.dll
0x00007ffbccc00000 - 0x00007ffbccd20000 	C:\Windows\System32\RPCRT4.dll
0x00007ffbcc490000 - 0x00007ffbcc63d000 	C:\Windows\System32\USER32.dll
0x00007ffbcbaf0000 - 0x00007ffbcbb16000 	C:\Windows\System32\win32u.dll
0x00007ffbccb00000 - 0x00007ffbccb29000 	C:\Windows\System32\GDI32.dll
0x00007ffbcc1c0000 - 0x00007ffbcc2d8000 	C:\Windows\System32\gdi32full.dll
0x00007ffbcba50000 - 0x00007ffbcbaed000 	C:\Windows\System32\msvcp_win.dll
0x00007ffbcb930000 - 0x00007ffbcba41000 	C:\Windows\System32\ucrtbase.dll
0x00007ffba8ee0000 - 0x00007ffba9185000 	C:\Windows\WinSxS\amd64_microsoft.windows.common-controls_6595b64144ccf1df_6.0.22000.120_none_9d947278b86cc467\COMCTL32.dll
0x00007ffbcd950000 - 0x00007ffbcd982000 	C:\Windows\System32\IMM32.DLL
0x00007ffbb1690000 - 0x00007ffbb16a5000 	D:\Java\jdk1.8.0_321\jre\bin\vcruntime140.dll
0x00007ffb6a8e0000 - 0x00007ffb6a97b000 	D:\Java\jdk1.8.0_321\jre\bin\msvcp140.dll
0x0000000066150000 - 0x00000000669b1000 	D:\Java\jdk1.8.0_321\jre\bin\server\jvm.dll
0x00007ffbcd9f0000 - 0x00007ffbcd9f8000 	C:\Windows\System32\PSAPI.DLL
0x00007ffbc1ae0000 - 0x00007ffbc1b13000 	C:\Windows\SYSTEM32\WINMM.dll
0x00007ffbc1c40000 - 0x00007ffbc1c4a000 	C:\Windows\SYSTEM32\VERSION.dll
0x00007ffb9e170000 - 0x00007ffb9e179000 	C:\Windows\SYSTEM32\WSOCK32.dll
0x00007ffbcd030000 - 0x00007ffbcd09f000 	C:\Windows\System32\WS2_32.dll
0x00007ffbcaa60000 - 0x00007ffbcaa78000 	C:\Windows\SYSTEM32\kernel.appcore.dll
0x00007ffbb1680000 - 0x00007ffbb1690000 	D:\Java\jdk1.8.0_321\jre\bin\verify.dll
0x00007ffbaa320000 - 0x00007ffbaa34b000 	D:\Java\jdk1.8.0_321\jre\bin\java.dll
0x00007ffba8670000 - 0x00007ffba86a0000 	D:\Java\jdk1.8.0_321\jre\bin\instrument.dll
0x00007ffbac9f0000 - 0x00007ffbaca08000 	D:\Java\jdk1.8.0_321\jre\bin\zip.dll
0x00007ffbcda00000 - 0x00007ffbce1b7000 	C:\Windows\System32\SHELL32.dll
0x00007ffbc99e0000 - 0x00007ffbca245000 	C:\Windows\SYSTEM32\windows.storage.dll
0x00007ffbcc780000 - 0x00007ffbccaf8000 	C:\Windows\System32\combase.dll
0x00007ffbc9870000 - 0x00007ffbc99d6000 	C:\Windows\SYSTEM32\wintypes.dll
0x00007ffbcced0000 - 0x00007ffbccfba000 	C:\Windows\System32\SHCORE.dll
0x00007ffbcc720000 - 0x00007ffbcc77d000 	C:\Windows\System32\shlwapi.dll
0x00007ffbcb860000 - 0x00007ffbcb881000 	C:\Windows\SYSTEM32\profapi.dll
0x00007ffba78c0000 - 0x00007ffba78da000 	D:\IntelliJ IDEA 2021.3.2\bin\breakgen64.dll
0x00007ffbaa640000 - 0x00007ffbaa65c000 	D:\Java\jdk1.8.0_321\jre\bin\net.dll
0x00007ffbcaef0000 - 0x00007ffbcaf57000 	C:\Windows\system32\mswsock.dll
0x00007ffbcb1d0000 - 0x00007ffbcb1e8000 	C:\Windows\SYSTEM32\CRYPTSP.dll
0x00007ffbca9c0000 - 0x00007ffbca9f5000 	C:\Windows\system32\rsaenh.dll
0x00007ffbcaf90000 - 0x00007ffbcafb9000 	C:\Windows\SYSTEM32\USERENV.dll
0x00007ffbcb310000 - 0x00007ffbcb337000 	C:\Windows\SYSTEM32\bcrypt.dll
0x00007ffbcbc50000 - 0x00007ffbcbccf000 	C:\Windows\System32\bcryptprimitives.dll
0x00007ffbcb0e0000 - 0x00007ffbcb0ec000 	C:\Windows\SYSTEM32\CRYPTBASE.dll
0x00007ffbca510000 - 0x00007ffbca53d000 	C:\Windows\SYSTEM32\IPHLPAPI.DLL
0x00007ffbccec0000 - 0x00007ffbccec9000 	C:\Windows\System32\NSI.dll
0x00007ffbc1320000 - 0x00007ffbc1339000 	C:\Windows\SYSTEM32\dhcpcsvc6.DLL
0x00007ffbc1c20000 - 0x00007ffbc1c3e000 	C:\Windows\SYSTEM32\dhcpcsvc.DLL
0x00007ffbca580000 - 0x00007ffbca668000 	C:\Windows\SYSTEM32\DNSAPI.dll
0x00007ffbaa4f0000 - 0x00007ffbaa503000 	D:\Java\jdk1.8.0_321\jre\bin\nio.dll
0x00007ffbbbb70000 - 0x00007ffbbbb7a000 	C:\Users\leesin\AppData\Local\Temp\jansi-1.17.1-3481289157663635635.dll
0x00007ffbbbb60000 - 0x00007ffbbbb6a000 	C:\Users\leesin\AppData\Local\Temp\jansi-1.17.1-5549296651520637929.dll
0x00007ffbc6380000 - 0x00007ffbc65a1000 	C:\Windows\SYSTEM32\dbghelp.dll

VM Arguments:
jvm_args: -Dmaven.multiModuleProjectDirectory=D:\work\pixiv -Dmaven.home=D:\IntelliJ IDEA 2021.3.2\plugins\maven\lib\maven3 -Dclassworlds.conf=D:\IntelliJ IDEA 2021.3.2\plugins\maven\lib\maven3\bin\m2.conf -Dmaven.ext.class.path=D:\IntelliJ IDEA 2021.3.2\plugins\maven\lib\maven-event-listener.jar -javaagent:D:\IntelliJ IDEA 2021.3.2\lib\idea_rt.jar=9459:D:\IntelliJ IDEA 2021.3.2\bin -Dfile.encoding=UTF-8 
java_command: org.codehaus.classworlds.Launcher -Didea.version=2021.3.2 clean
java_class_path (initial): D:\IntelliJ IDEA 2021.3.2\plugins\maven\lib\maven3\boot\plexus-classworlds-2.6.0.jar;D:\IntelliJ IDEA 2021.3.2\plugins\maven\lib\maven3\boot\plexus-classworlds.license;D:\IntelliJ IDEA 2021.3.2\lib\idea_rt.jar
Launcher Type: SUN_STANDARD

Environment Variables:
JAVA_HOME=D:\Java\jdk1.8.0_321
CLASSPATH=.;D:\Java\jdk1.8.0_321\lib\dt.jar;D:\Java\jdk1.8.0_321\lib\tools.jar;
PATH=D:\VMware\bin\;C:\Program Files\VanDyke Software\Clients\;C:\Program Files (x86)\Common Files\Oracle\Java\javapath;C:\Windows\system32;C:\Windows;C:\Windows\System32\Wbem;C:\Windows\System32\WindowsPowerShell\v1.0\;C:\Windows\System32\OpenSSH\;C:\Program Files (x86)\NVIDIA Corporation\PhysX\Common;C:\Program Files\NVIDIA Corporation\NVIDIA NvDLISR;C:\Users\leesin\AppData\Local\Programs\Python\Python39;C:\Users\leesin\AppData\Local\Programs\Python\Python39\Scripts;D:\Java\jdk1.8.0_321\bin;D:\Java\jdk1.8.0_321\jre\bin;C:\Program Files (x86)\ZeroTier\One\;D:\Java\apache-maven-3.8.5-bin\apache-maven-3.8.5\bin;D:\Tools\nodejs\;D:\Tools\Git\cmd;D:\Tools\xshell\;D:\Tools\Xftp 7\;D:\Applications\Scoop\shims;C:\Users\leesin\AppData\Local\Microsoft\WindowsApps;;C:\Users\leesin\AppData\Local\Programs\Microsoft VS Code\bin;D:\Tools\IntelliJ IDEA 2021.3.2\bin;C:\Users\leesin\AppData\Roaming\npm
USERNAME=leesin
OS=Windows_NT
PROCESSOR_IDENTIFIER=Intel64 Family 6 Model 142 Stepping 12, GenuineIntel



---------------  S Y S T E M  ---------------

OS: Windows 11 , 64 bit Build 22000 (10.0.22000.1335)

CPU:total 8 (initial active 8) (4 cores per cpu, 2 threads per core) family 6 model 142 stepping 12, cmov, cx8, fxsr, mmx, sse, sse2, sse3, ssse3, sse4.1, sse4.2, popcnt, avx, avx2, aes, clmul, erms, 3dnowpref, lzcnt, ht, tsc, tscinvbit, bmi1, bmi2, adx

Memory: 4k page, physical 8230644k(738244k free), swap 16779624k(2604k free)

vm_info: Java HotSpot(TM) 64-Bit Server VM (25.321-b07) for windows-amd64 JRE (1.8.0_321-b07), built on Dec 15 2021 11:19:20 by "java_re" with MS VC++ 15.9 (VS2017)

time: Tue Feb 14 12:02:07 2023
timezone: 中国标准时间
elapsed time: 9.811733 seconds (0d 0h 0m 9s)

