#
# There is insufficient memory for the Java Runtime Environment to continue.
# Native memory allocation (malloc) failed to allocate 366416 bytes for Chunk::new
# Possible reasons:
#   The system is out of physical RAM or swap space
#   The process is running with CompressedOops enabled, and the Java Heap may be blocking the growth of the native heap
# Possible solutions:
#   Reduce memory load on the system
#   Increase physical memory or swap space
#   Check if swap backing store is full
#   Decrease Java heap size (-Xmx/-Xms)
#   Decrease number of Java threads
#   Decrease Java thread stack sizes (-Xss)
#   Set larger code cache with -XX:ReservedCodeCacheSize=
#   JVM is running with Unscaled Compressed Oops mode in which the Java heap is
#     placed in the first 4GB address space. The Java Heap base address is the
#     maximum limit for the native heap growth. Please use -XX:HeapBaseMinAddress
#     to set the Java Heap base and to place the Java Heap above 4GB virtual address.
# This output file may be truncated or incomplete.
#
#  Out of Memory Error (allocation.cpp:389), pid=10816, tid=0x0000000000002bc0
#
# JRE version: Java(TM) SE Runtime Environment (8.0_321-b07) (build 1.8.0_321-b07)
# Java VM: Java HotSpot(TM) 64-Bit Server VM (25.321-b07 mixed mode windows-amd64 compressed oops)
# Failed to write core dump. Minidumps are not enabled by default on client versions of Windows
#

---------------  T H R E A D  ---------------

Current thread (0x00000212f6240800):  JavaThread "C2 CompilerThread2" daemon [_thread_in_native, id=11200, stack(0x000000905f800000,0x000000905f900000)]

Stack: [0x000000905f800000,0x000000905f900000]
Native frames: (J=compiled Java code, j=interpreted, Vv=VM code, C=native code)
V  [jvm.dll+0x32fc49]


Current CompileTask:
C2:   2424 1908       4       java.io.PrintStream::print (9 bytes)


---------------  P R O C E S S  ---------------

Java Threads: ( => current thread )
  0x00000212f62e5800 JavaThread "Service Thread" daemon [_thread_blocked, id=22616, stack(0x000000905fa00000,0x000000905fb00000)]
  0x00000212f624e000 JavaThread "C1 CompilerThread3" daemon [_thread_blocked, id=22248, stack(0x000000905f900000,0x000000905fa00000)]
=>0x00000212f6240800 JavaThread "C2 CompilerThread2" daemon [_thread_in_native, id=11200, stack(0x000000905f800000,0x000000905f900000)]
  0x00000212f623b000 JavaThread "C2 CompilerThread1" daemon [_thread_in_native, id=8572, stack(0x000000905f700000,0x000000905f800000)]
  0x00000212f6237000 JavaThread "C2 CompilerThread0" daemon [_thread_in_native, id=17604, stack(0x000000905f600000,0x000000905f700000)]
  0x00000212f622f800 JavaThread "Monitor Ctrl-Break" daemon [_thread_in_native, id=20288, stack(0x000000905f500000,0x000000905f600000)]
  0x00000212f44ba800 JavaThread "Attach Listener" daemon [_thread_blocked, id=8760, stack(0x000000905f400000,0x000000905f500000)]
  0x00000212f44b9800 JavaThread "Signal Dispatcher" daemon [_thread_blocked, id=27680, stack(0x000000905f300000,0x000000905f400000)]
  0x00000212f442a800 JavaThread "Finalizer" daemon [_thread_blocked, id=16772, stack(0x000000905f200000,0x000000905f300000)]
  0x00000212f4423800 JavaThread "Reference Handler" daemon [_thread_blocked, id=23960, stack(0x000000905f100000,0x000000905f200000)]
  0x00000212de27a000 JavaThread "main" [_thread_in_native, id=12224, stack(0x000000905e700000,0x000000905e800000)]

Other Threads:
  0x00000212f43fb800 VMThread [stack: 0x000000905f000000,0x000000905f100000] [id=21988]
  0x00000212f6368000 WatcherThread [stack: 0x000000905fb00000,0x000000905fc00000] [id=28424]

VM state:not at safepoint (normal execution)

VM Mutex/Monitor currently owned by a thread: None

heap address: 0x0000000082600000, size: 2010 MB, Compressed Oops mode: 32-bit
Narrow klass base: 0x0000000000000000, Narrow klass shift: 3
Compressed class space size: 1073741824 Address: 0x0000000100000000

Heap:
 PSYoungGen      total 37888K, used 5650K [0x00000000d6200000, 0x00000000d8c00000, 0x0000000100000000)
  eden space 32768K, 1% used [0x00000000d6200000,0x00000000d62a2878,0x00000000d8200000)
  from space 5120K, 97% used [0x00000000d8700000,0x00000000d8be2140,0x00000000d8c00000)
  to   space 5120K, 0% used [0x00000000d8200000,0x00000000d8200000,0x00000000d8700000)
 ParOldGen       total 50176K, used 4016K [0x0000000082600000, 0x0000000085700000, 0x00000000d6200000)
  object space 50176K, 8% used [0x0000000082600000,0x00000000829ec2d0,0x0000000085700000)
 Metaspace       used 15645K, capacity 15926K, committed 16128K, reserved 1064960K
  class space    used 1891K, capacity 2008K, committed 2048K, reserved 1048576K

Card table byte_map: [0x00000212ef080000,0x00000212ef470000] byte_map_base: 0x00000212eec6d000

Marking Bits: (ParMarkBitMap*) 0x0000000066939030
 Begin Bits: [0x00000212ef710000, 0x00000212f1678000)
 End Bits:   [0x00000212f1678000, 0x00000212f35e0000)

Polling page: 0x00000212de460000

CodeCache: size=245760Kb used=6816Kb max_used=6816Kb free=238943Kb
 bounds [0x00000212dfcc0000, 0x00000212e0370000, 0x00000212eecc0000]
 total_blobs=2282 nmethods=1914 adapters=277
 compilation: enabled

Compilation events (10 events):
Event: 2.414 Thread 0x00000212f624e000 1914       3       org.codehaus.plexus.interpolation.reflection.MethodMap::add (44 bytes)
Event: 2.414 Thread 0x00000212f624e000 nmethod 1914 0x00000212e0369790 code [0x00000212e0369960, 0x00000212e036a170]
Event: 2.414 Thread 0x00000212f624e000 1916       3       org.codehaus.plexus.interpolation.PrefixAwareRecursionInterceptor::expressionResolutionStarted (23 bytes)
Event: 2.415 Thread 0x00000212f624e000 nmethod 1916 0x00000212e0360490 code [0x00000212e0360600, 0x00000212e03608c0]
Event: 2.415 Thread 0x00000212f624e000 1917       3       org.codehaus.plexus.interpolation.PrefixAwareRecursionInterceptor::expressionResolutionFinished (9 bytes)
Event: 2.415 Thread 0x00000212f624e000 nmethod 1917 0x00000212e036a4d0 code [0x00000212e036a6a0, 0x00000212e036b2f0]
Event: 2.415 Thread 0x00000212f624e000 1918       3       org.codehaus.plexus.interpolation.AbstractDelegatingValueSource::getValue (11 bytes)
Event: 2.415 Thread 0x00000212f624e000 nmethod 1918 0x00000212e035fed0 code [0x00000212e0360040, 0x00000212e03602f0]
Event: 2.415 Thread 0x00000212f624e000 1911       1       org.apache.maven.model.RepositoryBase::getId (5 bytes)
Event: 2.415 Thread 0x00000212f624e000 nmethod 1911 0x00000212e0363c90 code [0x00000212e0363de0, 0x00000212e0363ef8]

GC Heap History (10 events):
Event: 1.312 GC heap before
{Heap before GC invocations=1 (full 0):
 PSYoungGen      total 37888K, used 32768K [0x00000000d6200000, 0x00000000d8c00000, 0x0000000100000000)
  eden space 32768K, 100% used [0x00000000d6200000,0x00000000d8200000,0x00000000d8200000)
  from space 5120K, 0% used [0x00000000d8700000,0x00000000d8700000,0x00000000d8c00000)
  to   space 5120K, 0% used [0x00000000d8200000,0x00000000d8200000,0x00000000d8700000)
 ParOldGen       total 86016K, used 0K [0x0000000082600000, 0x0000000087a00000, 0x00000000d6200000)
  object space 86016K, 0% used [0x0000000082600000,0x0000000082600000,0x0000000087a00000)
 Metaspace       used 8885K, capacity 9020K, committed 9088K, reserved 1056768K
  class space    used 1059K, capacity 1112K, committed 1152K, reserved 1048576K
Event: 1.318 GC heap after
Heap after GC invocations=1 (full 0):
 PSYoungGen      total 37888K, used 5089K [0x00000000d6200000, 0x00000000d8c00000, 0x0000000100000000)
  eden space 32768K, 0% used [0x00000000d6200000,0x00000000d6200000,0x00000000d8200000)
  from space 5120K, 99% used [0x00000000d8200000,0x00000000d86f8640,0x00000000d8700000)
  to   space 5120K, 0% used [0x00000000d8700000,0x00000000d8700000,0x00000000d8c00000)
 ParOldGen       total 86016K, used 340K [0x0000000082600000, 0x0000000087a00000, 0x00000000d6200000)
  object space 86016K, 0% used [0x0000000082600000,0x0000000082655308,0x0000000087a00000)
 Metaspace       used 8885K, capacity 9020K, committed 9088K, reserved 1056768K
  class space    used 1059K, capacity 1112K, committed 1152K, reserved 1048576K
}
Event: 1.645 GC heap before
{Heap before GC invocations=2 (full 0):
 PSYoungGen      total 37888K, used 37857K [0x00000000d6200000, 0x00000000d8c00000, 0x0000000100000000)
  eden space 32768K, 100% used [0x00000000d6200000,0x00000000d8200000,0x00000000d8200000)
  from space 5120K, 99% used [0x00000000d8200000,0x00000000d86f8640,0x00000000d8700000)
  to   space 5120K, 0% used [0x00000000d8700000,0x00000000d8700000,0x00000000d8c00000)
 ParOldGen       total 86016K, used 340K [0x0000000082600000, 0x0000000087a00000, 0x00000000d6200000)
  object space 86016K, 0% used [0x0000000082600000,0x0000000082655308,0x0000000087a00000)
 Metaspace       used 11642K, capacity 11854K, committed 12032K, reserved 1060864K
  class space    used 1415K, capacity 1478K, committed 1536K, reserved 1048576K
Event: 1.650 GC heap after
Heap after GC invocations=2 (full 0):
 PSYoungGen      total 37888K, used 5093K [0x00000000d6200000, 0x00000000d8c00000, 0x0000000100000000)
  eden space 32768K, 0% used [0x00000000d6200000,0x00000000d6200000,0x00000000d8200000)
  from space 5120K, 99% used [0x00000000d8700000,0x00000000d8bf95c0,0x00000000d8c00000)
  to   space 5120K, 0% used [0x00000000d8200000,0x00000000d8200000,0x00000000d8700000)
 ParOldGen       total 86016K, used 2119K [0x0000000082600000, 0x0000000087a00000, 0x00000000d6200000)
  object space 86016K, 2% used [0x0000000082600000,0x0000000082811db0,0x0000000087a00000)
 Metaspace       used 11642K, capacity 11854K, committed 12032K, reserved 1060864K
  class space    used 1415K, capacity 1478K, committed 1536K, reserved 1048576K
}
Event: 1.718 GC heap before
{Heap before GC invocations=3 (full 0):
 PSYoungGen      total 37888K, used 11807K [0x00000000d6200000, 0x00000000d8c00000, 0x0000000100000000)
  eden space 32768K, 20% used [0x00000000d6200000,0x00000000d688e8f8,0x00000000d8200000)
  from space 5120K, 99% used [0x00000000d8700000,0x00000000d8bf95c0,0x00000000d8c00000)
  to   space 5120K, 0% used [0x00000000d8200000,0x00000000d8200000,0x00000000d8700000)
 ParOldGen       total 86016K, used 2119K [0x0000000082600000, 0x0000000087a00000, 0x00000000d6200000)
  object space 86016K, 2% used [0x0000000082600000,0x0000000082811db0,0x0000000087a00000)
 Metaspace       used 12312K, capacity 12472K, committed 12672K, reserved 1064960K
  class space    used 1500K, capacity 1575K, committed 1664K, reserved 1048576K
Event: 1.721 GC heap after
Heap after GC invocations=3 (full 0):
 PSYoungGen      total 37888K, used 4195K [0x00000000d6200000, 0x00000000d8c00000, 0x0000000100000000)
  eden space 32768K, 0% used [0x00000000d6200000,0x00000000d6200000,0x00000000d8200000)
  from space 5120K, 81% used [0x00000000d8200000,0x00000000d8618d38,0x00000000d8700000)
  to   space 5120K, 0% used [0x00000000d8700000,0x00000000d8700000,0x00000000d8c00000)
 ParOldGen       total 86016K, used 2127K [0x0000000082600000, 0x0000000087a00000, 0x00000000d6200000)
  object space 86016K, 2% used [0x0000000082600000,0x0000000082813db0,0x0000000087a00000)
 Metaspace       used 12312K, capacity 12472K, committed 12672K, reserved 1064960K
  class space    used 1500K, capacity 1575K, committed 1664K, reserved 1048576K
}
Event: 1.722 GC heap before
{Heap before GC invocations=4 (full 1):
 PSYoungGen      total 37888K, used 4195K [0x00000000d6200000, 0x00000000d8c00000, 0x0000000100000000)
  eden space 32768K, 0% used [0x00000000d6200000,0x00000000d6200000,0x00000000d8200000)
  from space 5120K, 81% used [0x00000000d8200000,0x00000000d8618d38,0x00000000d8700000)
  to   space 5120K, 0% used [0x00000000d8700000,0x00000000d8700000,0x00000000d8c00000)
 ParOldGen       total 86016K, used 2127K [0x0000000082600000, 0x0000000087a00000, 0x00000000d6200000)
  object space 86016K, 2% used [0x0000000082600000,0x0000000082813db0,0x0000000087a00000)
 Metaspace       used 12312K, capacity 12472K, committed 12672K, reserved 1064960K
  class space    used 1500K, capacity 1575K, committed 1664K, reserved 1048576K
Event: 1.738 GC heap after
Heap after GC invocations=4 (full 1):
 PSYoungGen      total 37888K, used 0K [0x00000000d6200000, 0x00000000d8c00000, 0x0000000100000000)
  eden space 32768K, 0% used [0x00000000d6200000,0x00000000d6200000,0x00000000d8200000)
  from space 5120K, 0% used [0x00000000d8200000,0x00000000d8200000,0x00000000d8700000)
  to   space 5120K, 0% used [0x00000000d8700000,0x00000000d8700000,0x00000000d8c00000)
 ParOldGen       total 50176K, used 4008K [0x0000000082600000, 0x0000000085700000, 0x00000000d6200000)
  object space 50176K, 7% used [0x0000000082600000,0x00000000829ea2d0,0x0000000085700000)
 Metaspace       used 12312K, capacity 12472K, committed 12672K, reserved 1062912K
  class space    used 1500K, capacity 1575K, committed 1664K, reserved 1048576K
}
Event: 2.384 GC heap before
{Heap before GC invocations=5 (full 1):
 PSYoungGen      total 37888K, used 32768K [0x00000000d6200000, 0x00000000d8c00000, 0x0000000100000000)
  eden space 32768K, 100% used [0x00000000d6200000,0x00000000d8200000,0x00000000d8200000)
  from space 5120K, 0% used [0x00000000d8200000,0x00000000d8200000,0x00000000d8700000)
  to   space 5120K, 0% used [0x00000000d8700000,0x00000000d8700000,0x00000000d8c00000)
 ParOldGen       total 50176K, used 4008K [0x0000000082600000, 0x0000000085700000, 0x00000000d6200000)
  object space 50176K, 7% used [0x0000000082600000,0x00000000829ea2d0,0x0000000085700000)
 Metaspace       used 15639K, capacity 15926K, committed 16128K, reserved 1064960K
  class space    used 1891K, capacity 2008K, committed 2048K, reserved 1048576K
Event: 2.388 GC heap after
Heap after GC invocations=5 (full 1):
 PSYoungGen      total 37888K, used 5000K [0x00000000d6200000, 0x00000000d8c00000, 0x0000000100000000)
  eden space 32768K, 0% used [0x00000000d6200000,0x00000000d6200000,0x00000000d8200000)
  from space 5120K, 97% used [0x00000000d8700000,0x00000000d8be2140,0x00000000d8c00000)
  to   space 5120K, 0% used [0x00000000d8200000,0x00000000d8200000,0x00000000d8700000)
 ParOldGen       total 50176K, used 4016K [0x0000000082600000, 0x0000000085700000, 0x00000000d6200000)
  object space 50176K, 8% used [0x0000000082600000,0x00000000829ec2d0,0x0000000085700000)
 Metaspace       used 15639K, capacity 15926K, committed 16128K, reserved 1064960K
  class space    used 1891K, capacity 2008K, committed 2048K, reserved 1048576K
}

Deoptimization events (10 events):
Event: 2.240 Thread 0x00000212de27a000 Uncommon trap: reason=class_check action=maybe_recompile pc=0x00000212e0249c48 method=java.util.regex.Pattern$7.isSatisfiedBy(I)Z @ 16
Event: 2.240 Thread 0x00000212de27a000 Uncommon trap: reason=class_check action=maybe_recompile pc=0x00000212e0249c48 method=java.util.regex.Pattern$7.isSatisfiedBy(I)Z @ 16
Event: 2.240 Thread 0x00000212de27a000 Uncommon trap: reason=class_check action=maybe_recompile pc=0x00000212e0249c48 method=java.util.regex.Pattern$7.isSatisfiedBy(I)Z @ 16
Event: 2.240 Thread 0x00000212de27a000 Uncommon trap: reason=class_check action=maybe_recompile pc=0x00000212e0249c48 method=java.util.regex.Pattern$7.isSatisfiedBy(I)Z @ 16
Event: 2.246 Thread 0x00000212de27a000 Uncommon trap: reason=unstable_if action=reinterpret pc=0x00000212e02dc41c method=org.codehaus.plexus.util.xml.pull.MXParser.nextImpl()I @ 1161
Event: 2.247 Thread 0x00000212de27a000 Uncommon trap: reason=unstable_if action=reinterpret pc=0x00000212dff92404 method=sun.nio.cs.UTF_8$Decoder.decodeArrayLoop(Ljava/nio/ByteBuffer;Ljava/nio/CharBuffer;)Ljava/nio/charset/CoderResult; @ 84
Event: 2.279 Thread 0x00000212de27a000 Uncommon trap: reason=unstable_if action=reinterpret pc=0x00000212e005451c method=java.lang.String.regionMatches(ZILjava/lang/String;II)Z @ 25
Event: 2.285 Thread 0x00000212de27a000 Uncommon trap: reason=null_check action=make_not_entrant pc=0x00000212e03224e4 method=org.apache.maven.model.io.xpp3.MavenXpp3ReaderEx.checkFieldWithDuplicate(Lorg/codehaus/plexus/util/xml/pull/XmlPullParser;Ljava/lang/String;Ljava/lang/String;Ljava/util/
Event: 2.291 Thread 0x00000212de27a000 Uncommon trap: reason=unstable_if action=reinterpret pc=0x00000212e031ca6c method=org.codehaus.plexus.util.xml.pull.MXParser.nextImpl()I @ 879
Event: 2.300 Thread 0x00000212de27a000 Uncommon trap: reason=unstable_if action=reinterpret pc=0x00000212e027b734 method=org.codehaus.plexus.util.xml.pull.MXParser.isS(C)Z @ 21

Classes redefined (0 events):
No events

Internal exceptions (10 events):
Event: 0.296 Thread 0x00000212de27a000 Exception <a 'java/security/PrivilegedActionException'> (0x00000000d6744fe0) thrown at [C:\jenkins\workspace\8-2-build-windows-amd64-cygwin\jdk8u321\2141\hotspot\src\share\vm\prims\jvm.cpp, line 1523]
Event: 0.296 Thread 0x00000212de27a000 Exception <a 'java/security/PrivilegedActionException'> (0x00000000d6747948) thrown at [C:\jenkins\workspace\8-2-build-windows-amd64-cygwin\jdk8u321\2141\hotspot\src\share\vm\prims\jvm.cpp, line 1523]
Event: 0.296 Thread 0x00000212de27a000 Exception <a 'java/security/PrivilegedActionException'> (0x00000000d6747d40) thrown at [C:\jenkins\workspace\8-2-build-windows-amd64-cygwin\jdk8u321\2141\hotspot\src\share\vm\prims\jvm.cpp, line 1523]
Event: 1.928 Thread 0x00000212de27a000 Exception <a 'java/lang/NoClassDefFoundError': com/google/inject/servlet/ServletModuleTargetVisitor> (0x00000000d6dfb580) thrown at [C:\jenkins\workspace\8-2-build-windows-amd64-cygwin\jdk8u321\2141\hotspot\src\share\vm\classfile\systemDictionary.cpp, lin
Event: 1.928 Thread 0x00000212de27a000 Exception <a 'java/lang/NoClassDefFoundError'> (0x00000000d6dfb580) thrown at [C:\jenkins\workspace\8-2-build-windows-amd64-cygwin\jdk8u321\2141\hotspot\src\share\vm\prims\jvm.cpp, line 1527]
Event: 1.928 Thread 0x00000212de27a000 Exception <a 'java/lang/NoClassDefFoundError': javax/annotation/Priority> (0x00000000d6e003e0) thrown at [C:\jenkins\workspace\8-2-build-windows-amd64-cygwin\jdk8u321\2141\hotspot\src\share\vm\classfile\systemDictionary.cpp, line 201]
Event: 2.014 Thread 0x00000212de27a000 Implicit null exception at 0x00000212dff06adb to 0x00000212dff06c95
Event: 2.122 Thread 0x00000212de27a000 Implicit null exception at 0x00000212dff04116 to 0x00000212dff044bd
Event: 2.122 Thread 0x00000212de27a000 Implicit null exception at 0x00000212dfecf296 to 0x00000212dfecf635
Event: 2.285 Thread 0x00000212de27a000 Implicit null exception at 0x00000212e03211d0 to 0x00000212e03224cd

Events (10 events):
Event: 2.300 Thread 0x00000212de27a000 DEOPT PACKING pc=0x00000212e027b734 sp=0x000000905e7fdb70
Event: 2.300 Thread 0x00000212de27a000 DEOPT UNPACKING pc=0x00000212dfd058c3 sp=0x000000905e7fdaa0 mode 2
Event: 2.324 Thread 0x00000212de27a000 DEOPT PACKING pc=0x00000212e02f82db sp=0x000000905e7fd810
Event: 2.324 Thread 0x00000212de27a000 DEOPT UNPACKING pc=0x00000212dfd07918 sp=0x000000905e7fd610 mode 0
Event: 2.324 Thread 0x00000212de27a000 DEOPT PACKING pc=0x00000212e02f82db sp=0x000000905e7fd5c0
Event: 2.324 Thread 0x00000212de27a000 DEOPT UNPACKING pc=0x00000212dfd07918 sp=0x000000905e7fd3c0 mode 0
Event: 2.326 loading class org/apache/maven/model/Site
Event: 2.326 loading class org/apache/maven/model/Site done
Event: 2.384 Executing VM operation: ParallelGCFailedAllocation
Event: 2.388 Executing VM operation: ParallelGCFailedAllocation done


Dynamic libraries:
0x00007ff7b44c0000 - 0x00007ff7b4507000 	D:\Java\jdk1.8.0_321\bin\java.exe
0x00007ffbce460000 - 0x00007ffbce669000 	C:\Windows\SYSTEM32\ntdll.dll
0x00007ffbcd100000 - 0x00007ffbcd1be000 	C:\Windows\System32\KERNEL32.DLL
0x00007ffbcbe40000 - 0x00007ffbcc1bb000 	C:\Windows\System32\KERNELBASE.dll
0x00007ffbccb50000 - 0x00007ffbccbfe000 	C:\Windows\System32\ADVAPI32.dll
0x00007ffbce1c0000 - 0x00007ffbce263000 	C:\Windows\System32\msvcrt.dll
0x00007ffbcc3f0000 - 0x00007ffbcc48e000 	C:\Windows\System32\sechost.dll
0x00007ffbccc00000 - 0x00007ffbccd20000 	C:\Windows\System32\RPCRT4.dll
0x00007ffbcc490000 - 0x00007ffbcc63d000 	C:\Windows\System32\USER32.dll
0x00007ffbcbaf0000 - 0x00007ffbcbb16000 	C:\Windows\System32\win32u.dll
0x00007ffbccb00000 - 0x00007ffbccb29000 	C:\Windows\System32\GDI32.dll
0x00007ffbcc1c0000 - 0x00007ffbcc2d8000 	C:\Windows\System32\gdi32full.dll
0x00007ffbcba50000 - 0x00007ffbcbaed000 	C:\Windows\System32\msvcp_win.dll
0x00007ffbcb930000 - 0x00007ffbcba41000 	C:\Windows\System32\ucrtbase.dll
0x00007ffba8ee0000 - 0x00007ffba9185000 	C:\Windows\WinSxS\amd64_microsoft.windows.common-controls_6595b64144ccf1df_6.0.22000.120_none_9d947278b86cc467\COMCTL32.dll
0x00007ffbcd950000 - 0x00007ffbcd982000 	C:\Windows\System32\IMM32.DLL
0x00007ffbb1690000 - 0x00007ffbb16a5000 	D:\Java\jdk1.8.0_321\jre\bin\vcruntime140.dll
0x00007ffb6a8e0000 - 0x00007ffb6a97b000 	D:\Java\jdk1.8.0_321\jre\bin\msvcp140.dll
0x0000000066150000 - 0x00000000669b1000 	D:\Java\jdk1.8.0_321\jre\bin\server\jvm.dll
0x00007ffbcd9f0000 - 0x00007ffbcd9f8000 	C:\Windows\System32\PSAPI.DLL
0x00007ffbc1ae0000 - 0x00007ffbc1b13000 	C:\Windows\SYSTEM32\WINMM.dll
0x00007ffbc1c40000 - 0x00007ffbc1c4a000 	C:\Windows\SYSTEM32\VERSION.dll
0x00007ffb9e170000 - 0x00007ffb9e179000 	C:\Windows\SYSTEM32\WSOCK32.dll
0x00007ffbcd030000 - 0x00007ffbcd09f000 	C:\Windows\System32\WS2_32.dll
0x00007ffbcaa60000 - 0x00007ffbcaa78000 	C:\Windows\SYSTEM32\kernel.appcore.dll
0x00007ffbb1680000 - 0x00007ffbb1690000 	D:\Java\jdk1.8.0_321\jre\bin\verify.dll
0x00007ffbaa320000 - 0x00007ffbaa34b000 	D:\Java\jdk1.8.0_321\jre\bin\java.dll
0x00007ffba8670000 - 0x00007ffba86a0000 	D:\Java\jdk1.8.0_321\jre\bin\instrument.dll
0x00007ffbac9f0000 - 0x00007ffbaca08000 	D:\Java\jdk1.8.0_321\jre\bin\zip.dll
0x00007ffbcda00000 - 0x00007ffbce1b7000 	C:\Windows\System32\SHELL32.dll
0x00007ffbc99e0000 - 0x00007ffbca245000 	C:\Windows\SYSTEM32\windows.storage.dll
0x00007ffbcc780000 - 0x00007ffbccaf8000 	C:\Windows\System32\combase.dll
0x00007ffbc9870000 - 0x00007ffbc99d6000 	C:\Windows\SYSTEM32\wintypes.dll
0x00007ffbcced0000 - 0x00007ffbccfba000 	C:\Windows\System32\SHCORE.dll
0x00007ffbcc720000 - 0x00007ffbcc77d000 	C:\Windows\System32\shlwapi.dll
0x00007ffbcb860000 - 0x00007ffbcb881000 	C:\Windows\SYSTEM32\profapi.dll
0x00007ffba78c0000 - 0x00007ffba78da000 	D:\IntelliJ IDEA 2021.3.2\bin\breakgen64.dll
0x00007ffbaa640000 - 0x00007ffbaa65c000 	D:\Java\jdk1.8.0_321\jre\bin\net.dll
0x00007ffbcaef0000 - 0x00007ffbcaf57000 	C:\Windows\system32\mswsock.dll
0x00007ffbcb1d0000 - 0x00007ffbcb1e8000 	C:\Windows\SYSTEM32\CRYPTSP.dll
0x00007ffbca9c0000 - 0x00007ffbca9f5000 	C:\Windows\system32\rsaenh.dll
0x00007ffbcaf90000 - 0x00007ffbcafb9000 	C:\Windows\SYSTEM32\USERENV.dll
0x00007ffbcb310000 - 0x00007ffbcb337000 	C:\Windows\SYSTEM32\bcrypt.dll
0x00007ffbcbc50000 - 0x00007ffbcbccf000 	C:\Windows\System32\bcryptprimitives.dll
0x00007ffbcb0e0000 - 0x00007ffbcb0ec000 	C:\Windows\SYSTEM32\CRYPTBASE.dll
0x00007ffbca510000 - 0x00007ffbca53d000 	C:\Windows\SYSTEM32\IPHLPAPI.DLL
0x00007ffbccec0000 - 0x00007ffbccec9000 	C:\Windows\System32\NSI.dll
0x00007ffbc1320000 - 0x00007ffbc1339000 	C:\Windows\SYSTEM32\dhcpcsvc6.DLL
0x00007ffbc1c20000 - 0x00007ffbc1c3e000 	C:\Windows\SYSTEM32\dhcpcsvc.DLL
0x00007ffbca580000 - 0x00007ffbca668000 	C:\Windows\SYSTEM32\DNSAPI.dll
0x00007ffbaa4f0000 - 0x00007ffbaa503000 	D:\Java\jdk1.8.0_321\jre\bin\nio.dll
0x00007ffbc1240000 - 0x00007ffbc124a000 	C:\Users\leesin\AppData\Local\Temp\jansi-1.17.1-4959569376319177603.dll
0x00007ffbc1230000 - 0x00007ffbc123a000 	C:\Users\leesin\AppData\Local\Temp\jansi-1.17.1-510525069548223535.dll

VM Arguments:
jvm_args: -Dmaven.multiModuleProjectDirectory=D:\work\pixiv -Dmaven.home=D:\IntelliJ IDEA 2021.3.2\plugins\maven\lib\maven3 -Dclassworlds.conf=D:\IntelliJ IDEA 2021.3.2\plugins\maven\lib\maven3\bin\m2.conf -Dmaven.ext.class.path=D:\IntelliJ IDEA 2021.3.2\plugins\maven\lib\maven-event-listener.jar -javaagent:D:\IntelliJ IDEA 2021.3.2\lib\idea_rt.jar=9575:D:\IntelliJ IDEA 2021.3.2\bin -Dfile.encoding=UTF-8 
java_command: org.codehaus.classworlds.Launcher -Didea.version=2021.3.2 clean
java_class_path (initial): D:\IntelliJ IDEA 2021.3.2\plugins\maven\lib\maven3\boot\plexus-classworlds-2.6.0.jar;D:\IntelliJ IDEA 2021.3.2\plugins\maven\lib\maven3\boot\plexus-classworlds.license;D:\IntelliJ IDEA 2021.3.2\lib\idea_rt.jar
Launcher Type: SUN_STANDARD

Environment Variables:
JAVA_HOME=D:\Java\jdk1.8.0_321
CLASSPATH=.;D:\Java\jdk1.8.0_321\lib\dt.jar;D:\Java\jdk1.8.0_321\lib\tools.jar;
PATH=D:\VMware\bin\;C:\Program Files\VanDyke Software\Clients\;C:\Program Files (x86)\Common Files\Oracle\Java\javapath;C:\Windows\system32;C:\Windows;C:\Windows\System32\Wbem;C:\Windows\System32\WindowsPowerShell\v1.0\;C:\Windows\System32\OpenSSH\;C:\Program Files (x86)\NVIDIA Corporation\PhysX\Common;C:\Program Files\NVIDIA Corporation\NVIDIA NvDLISR;C:\Users\leesin\AppData\Local\Programs\Python\Python39;C:\Users\leesin\AppData\Local\Programs\Python\Python39\Scripts;D:\Java\jdk1.8.0_321\bin;D:\Java\jdk1.8.0_321\jre\bin;C:\Program Files (x86)\ZeroTier\One\;D:\Java\apache-maven-3.8.5-bin\apache-maven-3.8.5\bin;D:\Tools\nodejs\;D:\Tools\Git\cmd;D:\Tools\xshell\;D:\Tools\Xftp 7\;D:\Applications\Scoop\shims;C:\Users\leesin\AppData\Local\Microsoft\WindowsApps;;C:\Users\leesin\AppData\Local\Programs\Microsoft VS Code\bin;D:\Tools\IntelliJ IDEA 2021.3.2\bin;C:\Users\leesin\AppData\Roaming\npm
USERNAME=leesin
OS=Windows_NT
PROCESSOR_IDENTIFIER=Intel64 Family 6 Model 142 Stepping 12, GenuineIntel



---------------  S Y S T E M  ---------------

OS: Windows 11 , 64 bit Build 22000 (10.0.22000.1335)

CPU:total 8 (initial active 8) (4 cores per cpu, 2 threads per core) family 6 model 142 stepping 12, cmov, cx8, fxsr, mmx, sse, sse2, sse3, ssse3, sse4.1, sse4.2, popcnt, avx, avx2, aes, clmul, erms, 3dnowpref, lzcnt, ht, tsc, tscinvbit, bmi1, bmi2, adx

Memory: 4k page, physical 8230644k(442688k free), swap 16779624k(5260k free)

vm_info: Java HotSpot(TM) 64-Bit Server VM (25.321-b07) for windows-amd64 JRE (1.8.0_321-b07), built on Dec 15 2021 11:19:20 by "java_re" with MS VC++ 15.9 (VS2017)

time: Tue Feb 14 12:02:59 2023
timezone: 中国标准时间
elapsed time: 2.430638 seconds (0d 0h 0m 2s)

