#
# There is insufficient memory for the Java Runtime Environment to continue.
# Native memory allocation (malloc) failed to allocate 1048576 bytes for AllocateHeap
# Possible reasons:
#   The system is out of physical RAM or swap space
#   The process is running with CompressedOops enabled, and the Java Heap may be blocking the growth of the native heap
# Possible solutions:
#   Reduce memory load on the system
#   Increase physical memory or swap space
#   Check if swap backing store is full
#   Decrease Java heap size (-Xmx/-Xms)
#   Decrease number of Java threads
#   Decrease Java thread stack sizes (-Xss)
#   Set larger code cache with -XX:ReservedCodeCacheSize=
#   JVM is running with Unscaled Compressed Oops mode in which the Java heap is
#     placed in the first 4GB address space. The Java Heap base address is the
#     maximum limit for the native heap growth. Please use -XX:HeapBaseMinAddress
#     to set the Java Heap base and to place the Java Heap above 4GB virtual address.
# This output file may be truncated or incomplete.
#
#  Out of Memory Error (memory/allocation.inline.hpp:61), pid=1636, tid=0x0000000000001ff0
#
# JRE version:  (8.0_321-b07) (build )
# Java VM: Java HotSpot(TM) 64-Bit Server VM (25.321-b07 mixed mode windows-amd64 compressed oops)
# Failed to write core dump. Minidumps are not enabled by default on client versions of Windows
#

---------------  T H R E A D  ---------------

Current thread (0x000002b6ce329000):  JavaThread "Unknown thread" [_thread_in_vm, id=8176, stack(0x000000f207400000,0x000000f207500000)]

Stack: [0x000000f207400000,0x000000f207500000]
Native frames: (J=compiled Java code, j=interpreted, Vv=VM code, C=native code)
V  [jvm.dll+0x32fc49]
V  [jvm.dll+0x2761a2]
V  [jvm.dll+0x276e4d]
V  [jvm.dll+0x26d7f5]
V  [jvm.dll+0x509d]
V  [jvm.dll+0x3ca62d]
V  [jvm.dll+0x3cb3aa]
V  [jvm.dll+0x3c7337]
V  [jvm.dll+0xfd2ff]
V  [jvm.dll+0x20a8eb]
V  [jvm.dll+0x239417]
V  [jvm.dll+0x162e26]
C  [java.exe+0x2312]
C  [java.exe+0x15f54]
C  [KERNEL32.DLL+0x155a0]
C  [ntdll.dll+0x485b]


---------------  P R O C E S S  ---------------

Java Threads: ( => current thread )

Other Threads:

=>0x000002b6ce329000 (exited) JavaThread "Unknown thread" [_thread_in_vm, id=8176, stack(0x000000f207400000,0x000000f207500000)]

VM state:not at safepoint (normal execution)

VM Mutex/Monitor currently owned by a thread: None

heap address: 0x0000000082600000, size: 2010 MB, Compressed Oops mode: 32-bit
Narrow klass base: 0x0000000000000000, Narrow klass shift: 3
Compressed class space size: 1073741824 Address: 0x0000000100000000

Heap:
 PSYoungGen      total 37888K, used 655K [0x00000000d6200000, 0x00000000d8c00000, 0x0000000100000000)
  eden space 32768K, 2% used [0x00000000d6200000,0x00000000d62a3d80,0x00000000d8200000)
  from space 5120K, 0% used [0x00000000d8700000,0x00000000d8700000,0x00000000d8c00000)
  to   space 5120K, 0% used [0x00000000d8200000,0x00000000d8200000,0x00000000d8700000)
 ParOldGen       total 86016K, used 0K [0x0000000082600000, 0x0000000087a00000, 0x00000000d6200000)
  object space 86016K, 0% used [0x0000000082600000,0x0000000082600000,0x0000000087a00000)
 Metaspace       used 778K, capacity 4480K, committed 4480K, reserved 1056768K
  class space    used 76K, capacity 384K, committed 384K, reserved 1048576K

Card table byte_map: [0x000002b6df130000,0x000002b6df520000] byte_map_base: 0x000002b6ded1d000

Marking Bits: (ParMarkBitMap*) 0x0000000066939030
 Begin Bits: [0x000002b6df7c0000, 0x000002b6e1728000)
 End Bits:   [0x000002b6e1728000, 0x000002b6e3690000)

Polling page: 0x000002b6ce550000

CodeCache: size=245760Kb used=329Kb max_used=329Kb free=245430Kb
 bounds [0x000002b6cfd70000, 0x000002b6cffe0000, 0x000002b6ded70000]
 total_blobs=58 nmethods=0 adapters=38
 compilation: enabled

Compilation events (0 events):
No events

GC Heap History (0 events):
No events

Deoptimization events (0 events):
No events

Classes redefined (0 events):
No events

Internal exceptions (0 events):
No events

Events (10 events):
Event: 0.037 loading class java/lang/Short
Event: 0.037 loading class java/lang/Short done
Event: 0.037 loading class java/lang/Integer
Event: 0.037 loading class java/lang/Integer done
Event: 0.037 loading class java/lang/Long
Event: 0.037 loading class java/lang/Long done
Event: 0.039 loading class java/lang/NullPointerException
Event: 0.039 loading class java/lang/NullPointerException done
Event: 0.039 loading class java/lang/ArithmeticException
Event: 0.039 loading class java/lang/ArithmeticException done


Dynamic libraries:
0x00007ff7b44c0000 - 0x00007ff7b4507000 	D:\Java\jdk1.8.0_321\bin\java.exe
0x00007ffbce460000 - 0x00007ffbce669000 	C:\Windows\SYSTEM32\ntdll.dll
0x00007ffbcd100000 - 0x00007ffbcd1be000 	C:\Windows\System32\KERNEL32.DLL
0x00007ffbcbe40000 - 0x00007ffbcc1bb000 	C:\Windows\System32\KERNELBASE.dll
0x00007ffbccb50000 - 0x00007ffbccbfe000 	C:\Windows\System32\ADVAPI32.dll
0x00007ffbce1c0000 - 0x00007ffbce263000 	C:\Windows\System32\msvcrt.dll
0x00007ffbcc3f0000 - 0x00007ffbcc48e000 	C:\Windows\System32\sechost.dll
0x00007ffbccc00000 - 0x00007ffbccd20000 	C:\Windows\System32\RPCRT4.dll
0x00007ffbcc490000 - 0x00007ffbcc63d000 	C:\Windows\System32\USER32.dll
0x00007ffbcbaf0000 - 0x00007ffbcbb16000 	C:\Windows\System32\win32u.dll
0x00007ffbccb00000 - 0x00007ffbccb29000 	C:\Windows\System32\GDI32.dll
0x00007ffbcc1c0000 - 0x00007ffbcc2d8000 	C:\Windows\System32\gdi32full.dll
0x00007ffbcba50000 - 0x00007ffbcbaed000 	C:\Windows\System32\msvcp_win.dll
0x00007ffbcb930000 - 0x00007ffbcba41000 	C:\Windows\System32\ucrtbase.dll
0x00007ffba8ee0000 - 0x00007ffba9185000 	C:\Windows\WinSxS\amd64_microsoft.windows.common-controls_6595b64144ccf1df_6.0.22000.120_none_9d947278b86cc467\COMCTL32.dll
0x00007ffbcd950000 - 0x00007ffbcd982000 	C:\Windows\System32\IMM32.DLL
0x00007ffbb1690000 - 0x00007ffbb16a5000 	D:\Java\jdk1.8.0_321\jre\bin\vcruntime140.dll
0x00007ffb6a8e0000 - 0x00007ffb6a97b000 	D:\Java\jdk1.8.0_321\jre\bin\msvcp140.dll
0x0000000066150000 - 0x00000000669b1000 	D:\Java\jdk1.8.0_321\jre\bin\server\jvm.dll
0x00007ffbcd9f0000 - 0x00007ffbcd9f8000 	C:\Windows\System32\PSAPI.DLL
0x00007ffb9e170000 - 0x00007ffb9e179000 	C:\Windows\SYSTEM32\WSOCK32.dll
0x00007ffbc1ae0000 - 0x00007ffbc1b13000 	C:\Windows\SYSTEM32\WINMM.dll
0x00007ffbcd030000 - 0x00007ffbcd09f000 	C:\Windows\System32\WS2_32.dll
0x00007ffbc1c40000 - 0x00007ffbc1c4a000 	C:\Windows\SYSTEM32\VERSION.dll
0x00007ffbcaa60000 - 0x00007ffbcaa78000 	C:\Windows\SYSTEM32\kernel.appcore.dll
0x00007ffbb1680000 - 0x00007ffbb1690000 	D:\Java\jdk1.8.0_321\jre\bin\verify.dll
0x00007ffbaa320000 - 0x00007ffbaa34b000 	D:\Java\jdk1.8.0_321\jre\bin\java.dll
0x00007ffba8670000 - 0x00007ffba86a0000 	D:\Java\jdk1.8.0_321\jre\bin\instrument.dll
0x00007ffbac9f0000 - 0x00007ffbaca08000 	D:\Java\jdk1.8.0_321\jre\bin\zip.dll
0x00007ffbc6380000 - 0x00007ffbc65a1000 	C:\Windows\SYSTEM32\dbghelp.dll
0x00007ffbcbc50000 - 0x00007ffbcbccf000 	C:\Windows\System32\bcryptPrimitives.dll

VM Arguments:
jvm_args: -Dmaven.multiModuleProjectDirectory=D:\work\pixiv -Dmaven.home=D:\IntelliJ IDEA 2021.3.2\plugins\maven\lib\maven3 -Dclassworlds.conf=D:\IntelliJ IDEA 2021.3.2\plugins\maven\lib\maven3\bin\m2.conf -Dmaven.ext.class.path=D:\IntelliJ IDEA 2021.3.2\plugins\maven\lib\maven-event-listener.jar -javaagent:D:\IntelliJ IDEA 2021.3.2\lib\idea_rt.jar=9564:D:\IntelliJ IDEA 2021.3.2\bin -Dfile.encoding=UTF-8 
java_command: org.codehaus.classworlds.Launcher -Didea.version=2021.3.2 clean
java_class_path (initial): D:\IntelliJ IDEA 2021.3.2\plugins\maven\lib\maven3\boot\plexus-classworlds-2.6.0.jar;D:\IntelliJ IDEA 2021.3.2\plugins\maven\lib\maven3\boot\plexus-classworlds.license;D:\IntelliJ IDEA 2021.3.2\lib\idea_rt.jar
Launcher Type: SUN_STANDARD

Environment Variables:
JAVA_HOME=D:\Java\jdk1.8.0_321
CLASSPATH=.;D:\Java\jdk1.8.0_321\lib\dt.jar;D:\Java\jdk1.8.0_321\lib\tools.jar;
PATH=D:\VMware\bin\;C:\Program Files\VanDyke Software\Clients\;C:\Program Files (x86)\Common Files\Oracle\Java\javapath;C:\Windows\system32;C:\Windows;C:\Windows\System32\Wbem;C:\Windows\System32\WindowsPowerShell\v1.0\;C:\Windows\System32\OpenSSH\;C:\Program Files (x86)\NVIDIA Corporation\PhysX\Common;C:\Program Files\NVIDIA Corporation\NVIDIA NvDLISR;C:\Users\leesin\AppData\Local\Programs\Python\Python39;C:\Users\leesin\AppData\Local\Programs\Python\Python39\Scripts;D:\Java\jdk1.8.0_321\bin;D:\Java\jdk1.8.0_321\jre\bin;C:\Program Files (x86)\ZeroTier\One\;D:\Java\apache-maven-3.8.5-bin\apache-maven-3.8.5\bin;D:\Tools\nodejs\;D:\Tools\Git\cmd;D:\Tools\xshell\;D:\Tools\Xftp 7\;D:\Applications\Scoop\shims;C:\Users\leesin\AppData\Local\Microsoft\WindowsApps;;C:\Users\leesin\AppData\Local\Programs\Microsoft VS Code\bin;D:\Tools\IntelliJ IDEA 2021.3.2\bin;C:\Users\leesin\AppData\Roaming\npm
USERNAME=leesin
OS=Windows_NT
PROCESSOR_IDENTIFIER=Intel64 Family 6 Model 142 Stepping 12, GenuineIntel



---------------  S Y S T E M  ---------------

OS: Windows 11 , 64 bit Build 22000 (10.0.22000.1335)

CPU:total 8 (initial active 8) (4 cores per cpu, 2 threads per core) family 6 model 142 stepping 12, cmov, cx8, fxsr, mmx, sse, sse2, sse3, ssse3, sse4.1, sse4.2, popcnt, avx, avx2, aes, clmul, erms, 3dnowpref, lzcnt, ht, tsc, tscinvbit, bmi1, bmi2, adx

Memory: 4k page, physical 8230644k(510596k free), swap 16779624k(4096k free)

vm_info: Java HotSpot(TM) 64-Bit Server VM (25.321-b07) for windows-amd64 JRE (1.8.0_321-b07), built on Dec 15 2021 11:19:20 by "java_re" with MS VC++ 15.9 (VS2017)

time: Tue Feb 14 12:02:45 2023
timezone: 中国标准时间
elapsed time: 0.069675 seconds (0d 0h 0m 0s)

